[2024-12-03 16:32:04] local.ERROR: View [welcome] not found. {"exception":"[object] (InvalidArgumentException(code: 0): View [welcome] not found. at D:\\ST15\\wamp\\www\\Ticket Booking System\\ticket-booking-system\\vendor\\laravel\\framework\\src\\Illuminate\\View\\FileViewFinder.php:139)
[stacktrace]
#0 D:\\ST15\\wamp\\www\\Ticket Booking System\\ticket-booking-system\\vendor\\laravel\\framework\\src\\Illuminate\\View\\FileViewFinder.php(79): Illuminate\\View\\FileViewFinder->findInPaths()
#1 D:\\ST15\\wamp\\www\\Ticket Booking System\\ticket-booking-system\\vendor\\laravel\\framework\\src\\Illuminate\\View\\Factory.php(151): Illuminate\\View\\FileViewFinder->find()
#2 D:\\ST15\\wamp\\www\\Ticket Booking System\\ticket-booking-system\\vendor\\laravel\\framework\\src\\Illuminate\\Foundation\\helpers.php(1062): Illuminate\\View\\Factory->make()
#3 D:\\ST15\\wamp\\www\\Ticket Booking System\\ticket-booking-system\\routes\\web.php(6): view()
#4 D:\\ST15\\wamp\\www\\Ticket Booking System\\ticket-booking-system\\vendor\\laravel\\framework\\src\\Illuminate\\Routing\\CallableDispatcher.php(40): Illuminate\\Routing\\RouteFileRegistrar->{closure}()
#5 D:\\ST15\\wamp\\www\\Ticket Booking System\\ticket-booking-system\\vendor\\laravel\\framework\\src\\Illuminate\\Routing\\Route.php(243): Illuminate\\Routing\\CallableDispatcher->dispatch()
#6 D:\\ST15\\wamp\\www\\Ticket Booking System\\ticket-booking-system\\vendor\\laravel\\framework\\src\\Illuminate\\Routing\\Route.php(214): Illuminate\\Routing\\Route->runCallable()
#7 D:\\ST15\\wamp\\www\\Ticket Booking System\\ticket-booking-system\\vendor\\laravel\\framework\\src\\Illuminate\\Routing\\Router.php(808): Illuminate\\Routing\\Route->run()
#8 D:\\ST15\\wamp\\www\\Ticket Booking System\\ticket-booking-system\\vendor\\laravel\\framework\\src\\Illuminate\\Pipeline\\Pipeline.php(144): Illuminate\\Routing\\Router->Illuminate\\Routing\\{closure}()
#9 D:\\ST15\\wamp\\www\\Ticket Booking System\\ticket-booking-system\\vendor\\laravel\\framework\\src\\Illuminate\\Routing\\Middleware\\SubstituteBindings.php(51): Illuminate\\Pipeline\\Pipeline->Illuminate\\Pipeline\\{closure}()
#10 D:\\ST15\\wamp\\www\\Ticket Booking System\\ticket-booking-system\\vendor\\laravel\\framework\\src\\Illuminate\\Pipeline\\Pipeline.php(183): Illuminate\\Routing\\Middleware\\SubstituteBindings->handle()
#11 D:\\ST15\\wamp\\www\\Ticket Booking System\\ticket-booking-system\\vendor\\laravel\\framework\\src\\Illuminate\\Foundation\\Http\\Middleware\\VerifyCsrfToken.php(88): Illuminate\\Pipeline\\Pipeline->Illuminate\\Pipeline\\{closure}()
#12 D:\\ST15\\wamp\\www\\Ticket Booking System\\ticket-booking-system\\vendor\\laravel\\framework\\src\\Illuminate\\Pipeline\\Pipeline.php(183): Illuminate\\Foundation\\Http\\Middleware\\VerifyCsrfToken->handle()
#13 D:\\ST15\\wamp\\www\\Ticket Booking System\\ticket-booking-system\\vendor\\laravel\\framework\\src\\Illuminate\\View\\Middleware\\ShareErrorsFromSession.php(49): Illuminate\\Pipeline\\Pipeline->Illuminate\\Pipeline\\{closure}()
#14 D:\\ST15\\wamp\\www\\Ticket Booking System\\ticket-booking-system\\vendor\\laravel\\framework\\src\\Illuminate\\Pipeline\\Pipeline.php(183): Illuminate\\View\\Middleware\\ShareErrorsFromSession->handle()
#15 D:\\ST15\\wamp\\www\\Ticket Booking System\\ticket-booking-system\\vendor\\laravel\\framework\\src\\Illuminate\\Session\\Middleware\\StartSession.php(121): Illuminate\\Pipeline\\Pipeline->Illuminate\\Pipeline\\{closure}()
#16 D:\\ST15\\wamp\\www\\Ticket Booking System\\ticket-booking-system\\vendor\\laravel\\framework\\src\\Illuminate\\Session\\Middleware\\StartSession.php(64): Illuminate\\Session\\Middleware\\StartSession->handleStatefulRequest()
#17 D:\\ST15\\wamp\\www\\Ticket Booking System\\ticket-booking-system\\vendor\\laravel\\framework\\src\\Illuminate\\Pipeline\\Pipeline.php(183): Illuminate\\Session\\Middleware\\StartSession->handle()
#18 D:\\ST15\\wamp\\www\\Ticket Booking System\\ticket-booking-system\\vendor\\laravel\\framework\\src\\Illuminate\\Cookie\\Middleware\\AddQueuedCookiesToResponse.php(37): Illuminate\\Pipeline\\Pipeline->Illuminate\\Pipeline\\{closure}()
#19 D:\\ST15\\wamp\\www\\Ticket Booking System\\ticket-booking-system\\vendor\\laravel\\framework\\src\\Illuminate\\Pipeline\\Pipeline.php(183): Illuminate\\Cookie\\Middleware\\AddQueuedCookiesToResponse->handle()
#20 D:\\ST15\\wamp\\www\\Ticket Booking System\\ticket-booking-system\\vendor\\laravel\\framework\\src\\Illuminate\\Cookie\\Middleware\\EncryptCookies.php(75): Illuminate\\Pipeline\\Pipeline->Illuminate\\Pipeline\\{closure}()
#21 D:\\ST15\\wamp\\www\\Ticket Booking System\\ticket-booking-system\\vendor\\laravel\\framework\\src\\Illuminate\\Pipeline\\Pipeline.php(183): Illuminate\\Cookie\\Middleware\\EncryptCookies->handle()
#22 D:\\ST15\\wamp\\www\\Ticket Booking System\\ticket-booking-system\\vendor\\laravel\\framework\\src\\Illuminate\\Pipeline\\Pipeline.php(119): Illuminate\\Pipeline\\Pipeline->Illuminate\\Pipeline\\{closure}()
#23 D:\\ST15\\wamp\\www\\Ticket Booking System\\ticket-booking-system\\vendor\\laravel\\framework\\src\\Illuminate\\Routing\\Router.php(807): Illuminate\\Pipeline\\Pipeline->then()
#24 D:\\ST15\\wamp\\www\\Ticket Booking System\\ticket-booking-system\\vendor\\laravel\\framework\\src\\Illuminate\\Routing\\Router.php(786): Illuminate\\Routing\\Router->runRouteWithinStack()
#25 D:\\ST15\\wamp\\www\\Ticket Booking System\\ticket-booking-system\\vendor\\laravel\\framework\\src\\Illuminate\\Routing\\Router.php(750): Illuminate\\Routing\\Router->runRoute()
#26 D:\\ST15\\wamp\\www\\Ticket Booking System\\ticket-booking-system\\vendor\\laravel\\framework\\src\\Illuminate\\Routing\\Router.php(739): Illuminate\\Routing\\Router->dispatchToRoute()
#27 D:\\ST15\\wamp\\www\\Ticket Booking System\\ticket-booking-system\\vendor\\laravel\\framework\\src\\Illuminate\\Foundation\\Http\\Kernel.php(201): Illuminate\\Routing\\Router->dispatch()
#28 D:\\ST15\\wamp\\www\\Ticket Booking System\\ticket-booking-system\\vendor\\laravel\\framework\\src\\Illuminate\\Pipeline\\Pipeline.php(144): Illuminate\\Foundation\\Http\\Kernel->Illuminate\\Foundation\\Http\\{closure}()
#29 D:\\ST15\\wamp\\www\\Ticket Booking System\\ticket-booking-system\\vendor\\laravel\\framework\\src\\Illuminate\\Foundation\\Http\\Middleware\\TransformsRequest.php(21): Illuminate\\Pipeline\\Pipeline->Illuminate\\Pipeline\\{closure}()
#30 D:\\ST15\\wamp\\www\\Ticket Booking System\\ticket-booking-system\\vendor\\laravel\\framework\\src\\Illuminate\\Foundation\\Http\\Middleware\\ConvertEmptyStringsToNull.php(31): Illuminate\\Foundation\\Http\\Middleware\\TransformsRequest->handle()
#31 D:\\ST15\\wamp\\www\\Ticket Booking System\\ticket-booking-system\\vendor\\laravel\\framework\\src\\Illuminate\\Pipeline\\Pipeline.php(183): Illuminate\\Foundation\\Http\\Middleware\\ConvertEmptyStringsToNull->handle()
#32 D:\\ST15\\wamp\\www\\Ticket Booking System\\ticket-booking-system\\vendor\\laravel\\framework\\src\\Illuminate\\Foundation\\Http\\Middleware\\TransformsRequest.php(21): Illuminate\\Pipeline\\Pipeline->Illuminate\\Pipeline\\{closure}()
#33 D:\\ST15\\wamp\\www\\Ticket Booking System\\ticket-booking-system\\vendor\\laravel\\framework\\src\\Illuminate\\Foundation\\Http\\Middleware\\TrimStrings.php(51): Illuminate\\Foundation\\Http\\Middleware\\TransformsRequest->handle()
#34 D:\\ST15\\wamp\\www\\Ticket Booking System\\ticket-booking-system\\vendor\\laravel\\framework\\src\\Illuminate\\Pipeline\\Pipeline.php(183): Illuminate\\Foundation\\Http\\Middleware\\TrimStrings->handle()
#35 D:\\ST15\\wamp\\www\\Ticket Booking System\\ticket-booking-system\\vendor\\laravel\\framework\\src\\Illuminate\\Http\\Middleware\\ValidatePostSize.php(27): Illuminate\\Pipeline\\Pipeline->Illuminate\\Pipeline\\{closure}()
#36 D:\\ST15\\wamp\\www\\Ticket Booking System\\ticket-booking-system\\vendor\\laravel\\framework\\src\\Illuminate\\Pipeline\\Pipeline.php(183): Illuminate\\Http\\Middleware\\ValidatePostSize->handle()
#37 D:\\ST15\\wamp\\www\\Ticket Booking System\\ticket-booking-system\\vendor\\laravel\\framework\\src\\Illuminate\\Foundation\\Http\\Middleware\\PreventRequestsDuringMaintenance.php(110): Illuminate\\Pipeline\\Pipeline->Illuminate\\Pipeline\\{closure}()
#38 D:\\ST15\\wamp\\www\\Ticket Booking System\\ticket-booking-system\\vendor\\laravel\\framework\\src\\Illuminate\\Pipeline\\Pipeline.php(183): Illuminate\\Foundation\\Http\\Middleware\\PreventRequestsDuringMaintenance->handle()
#39 D:\\ST15\\wamp\\www\\Ticket Booking System\\ticket-booking-system\\vendor\\laravel\\framework\\src\\Illuminate\\Http\\Middleware\\HandleCors.php(49): Illuminate\\Pipeline\\Pipeline->Illuminate\\Pipeline\\{closure}()
#40 D:\\ST15\\wamp\\www\\Ticket Booking System\\ticket-booking-system\\vendor\\laravel\\framework\\src\\Illuminate\\Pipeline\\Pipeline.php(183): Illuminate\\Http\\Middleware\\HandleCors->handle()
#41 D:\\ST15\\wamp\\www\\Ticket Booking System\\ticket-booking-system\\vendor\\laravel\\framework\\src\\Illuminate\\Http\\Middleware\\TrustProxies.php(58): Illuminate\\Pipeline\\Pipeline->Illuminate\\Pipeline\\{closure}()
#42 D:\\ST15\\wamp\\www\\Ticket Booking System\\ticket-booking-system\\vendor\\laravel\\framework\\src\\Illuminate\\Pipeline\\Pipeline.php(183): Illuminate\\Http\\Middleware\\TrustProxies->handle()
#43 D:\\ST15\\wamp\\www\\Ticket Booking System\\ticket-booking-system\\vendor\\laravel\\framework\\src\\Illuminate\\Foundation\\Http\\Middleware\\InvokeDeferredCallbacks.php(22): Illuminate\\Pipeline\\Pipeline->Illuminate\\Pipeline\\{closure}()
#44 D:\\ST15\\wamp\\www\\Ticket Booking System\\ticket-booking-system\\vendor\\laravel\\framework\\src\\Illuminate\\Pipeline\\Pipeline.php(183): Illuminate\\Foundation\\Http\\Middleware\\InvokeDeferredCallbacks->handle()
#45 D:\\ST15\\wamp\\www\\Ticket Booking System\\ticket-booking-system\\vendor\\laravel\\framework\\src\\Illuminate\\Pipeline\\Pipeline.php(119): Illuminate\\Pipeline\\Pipeline->Illuminate\\Pipeline\\{closure}()
#46 D:\\ST15\\wamp\\www\\Ticket Booking System\\ticket-booking-system\\vendor\\laravel\\framework\\src\\Illuminate\\Foundation\\Http\\Kernel.php(176): Illuminate\\Pipeline\\Pipeline->then()
#47 D:\\ST15\\wamp\\www\\Ticket Booking System\\ticket-booking-system\\vendor\\laravel\\framework\\src\\Illuminate\\Foundation\\Http\\Kernel.php(145): Illuminate\\Foundation\\Http\\Kernel->sendRequestThroughRouter()
#48 D:\\ST15\\wamp\\www\\Ticket Booking System\\ticket-booking-system\\vendor\\laravel\\framework\\src\\Illuminate\\Foundation\\Application.php(1190): Illuminate\\Foundation\\Http\\Kernel->handle()
#49 D:\\ST15\\wamp\\www\\Ticket Booking System\\ticket-booking-system\\public\\index.php(17): Illuminate\\Foundation\\Application->handleRequest()
#50 D:\\ST15\\wamp\\www\\Ticket Booking System\\ticket-booking-system\\vendor\\laravel\\framework\\src\\Illuminate\\Foundation\\resources\\server.php(23): require_once('...')
#51 {main}
"} 
[2024-12-03 16:33:50] local.ERROR: Command "make:route" is not defined.

Did you mean one of these?
    make:cache-table
    make:cast
    make:channel
    make:class
    make:command
    make:component
    make:controller
    make:enum
    make:event
    make:exception
    make:factory
    make:interface
    make:job
    make:job-middleware
    make:listener
    make:mail
    make:middleware
    make:migration
    make:model
    make:notification
    make:notifications-table
    make:observer
    make:policy
    make:provider
    make:queue-batches-table
    make:queue-failed-table
    make:queue-table
    make:request
    make:resource
    make:rule
    make:scope
    make:seeder
    make:session-table
    make:test
    make:trait
    make:view {"exception":"[object] (Symfony\\Component\\Console\\Exception\\CommandNotFoundException(code: 0): Command \"make:route\" is not defined.

Did you mean one of these?
    make:cache-table
    make:cast
    make:channel
    make:class
    make:command
    make:component
    make:controller
    make:enum
    make:event
    make:exception
    make:factory
    make:interface
    make:job
    make:job-middleware
    make:listener
    make:mail
    make:middleware
    make:migration
    make:model
    make:notification
    make:notifications-table
    make:observer
    make:policy
    make:provider
    make:queue-batches-table
    make:queue-failed-table
    make:queue-table
    make:request
    make:resource
    make:rule
    make:scope
    make:seeder
    make:session-table
    make:test
    make:trait
    make:view at D:\\ST15\\wamp\\www\\Ticket Booking System\\ticket-booking-system\\vendor\\symfony\\console\\Application.php:726)
[stacktrace]
#0 D:\\ST15\\wamp\\www\\Ticket Booking System\\ticket-booking-system\\vendor\\symfony\\console\\Application.php(284): Symfony\\Component\\Console\\Application->find()
#1 D:\\ST15\\wamp\\www\\Ticket Booking System\\ticket-booking-system\\vendor\\symfony\\console\\Application.php(193): Symfony\\Component\\Console\\Application->doRun()
#2 D:\\ST15\\wamp\\www\\Ticket Booking System\\ticket-booking-system\\vendor\\laravel\\framework\\src\\Illuminate\\Foundation\\Console\\Kernel.php(197): Symfony\\Component\\Console\\Application->run()
#3 D:\\ST15\\wamp\\www\\Ticket Booking System\\ticket-booking-system\\vendor\\laravel\\framework\\src\\Illuminate\\Foundation\\Application.php(1205): Illuminate\\Foundation\\Console\\Kernel->handle()
#4 D:\\ST15\\wamp\\www\\Ticket Booking System\\ticket-booking-system\\artisan(13): Illuminate\\Foundation\\Application->handleCommand()
#5 {main}
"} 
[2024-12-05 05:24:38] local.ERROR: Call to undefined function assets() (View: D:\ST15\wamp\www\Ticket Booking System\ticket-booking-system\resources\views\frontend\layout\master.blade.php) (View: D:\ST15\wamp\www\Ticket Booking System\ticket-booking-system\resources\views\frontend\layout\master.blade.php) {"exception":"[object] (Illuminate\\View\\ViewException(code: 0): Call to undefined function assets() (View: D:\\ST15\\wamp\\www\\Ticket Booking System\\ticket-booking-system\\resources\\views\\frontend\\layout\\master.blade.php) (View: D:\\ST15\\wamp\\www\\Ticket Booking System\\ticket-booking-system\\resources\\views\\frontend\\layout\\master.blade.php) at D:\\ST15\\wamp\\www\\Ticket Booking System\\ticket-booking-system\\storage\\framework\\views\\3375d108e2f089ceba3362fe59e5a099.php:24)
[stacktrace]
#0 D:\\ST15\\wamp\\www\\Ticket Booking System\\ticket-booking-system\\vendor\\laravel\\framework\\src\\Illuminate\\View\\Engines\\PhpEngine.php(60): Illuminate\\View\\Engines\\CompilerEngine->handleViewException()
#1 D:\\ST15\\wamp\\www\\Ticket Booking System\\ticket-booking-system\\vendor\\laravel\\framework\\src\\Illuminate\\View\\Engines\\CompilerEngine.php(74): Illuminate\\View\\Engines\\PhpEngine->evaluatePath()
#2 D:\\ST15\\wamp\\www\\Ticket Booking System\\ticket-booking-system\\vendor\\laravel\\framework\\src\\Illuminate\\View\\View.php(209): Illuminate\\View\\Engines\\CompilerEngine->get()
#3 D:\\ST15\\wamp\\www\\Ticket Booking System\\ticket-booking-system\\vendor\\laravel\\framework\\src\\Illuminate\\View\\View.php(192): Illuminate\\View\\View->getContents()
#4 D:\\ST15\\wamp\\www\\Ticket Booking System\\ticket-booking-system\\vendor\\laravel\\framework\\src\\Illuminate\\View\\View.php(161): Illuminate\\View\\View->renderContents()
#5 D:\\ST15\\wamp\\www\\Ticket Booking System\\ticket-booking-system\\vendor\\laravel\\framework\\src\\Illuminate\\Http\\Response.php(70): Illuminate\\View\\View->render()
#6 D:\\ST15\\wamp\\www\\Ticket Booking System\\ticket-booking-system\\vendor\\laravel\\framework\\src\\Illuminate\\Http\\Response.php(35): Illuminate\\Http\\Response->setContent()
#7 D:\\ST15\\wamp\\www\\Ticket Booking System\\ticket-booking-system\\vendor\\laravel\\framework\\src\\Illuminate\\Routing\\Router.php(920): Illuminate\\Http\\Response->__construct()
#8 D:\\ST15\\wamp\\www\\Ticket Booking System\\ticket-booking-system\\vendor\\laravel\\framework\\src\\Illuminate\\Routing\\Router.php(887): Illuminate\\Routing\\Router::toResponse()
#9 D:\\ST15\\wamp\\www\\Ticket Booking System\\ticket-booking-system\\vendor\\laravel\\framework\\src\\Illuminate\\Routing\\Router.php(807): Illuminate\\Routing\\Router->prepareResponse()
#10 D:\\ST15\\wamp\\www\\Ticket Booking System\\ticket-booking-system\\vendor\\laravel\\framework\\src\\Illuminate\\Pipeline\\Pipeline.php(144): Illuminate\\Routing\\Router->Illuminate\\Routing\\{closure}()
#11 D:\\ST15\\wamp\\www\\Ticket Booking System\\ticket-booking-system\\vendor\\laravel\\framework\\src\\Illuminate\\Routing\\Middleware\\SubstituteBindings.php(51): Illuminate\\Pipeline\\Pipeline->Illuminate\\Pipeline\\{closure}()
#12 D:\\ST15\\wamp\\www\\Ticket Booking System\\ticket-booking-system\\vendor\\laravel\\framework\\src\\Illuminate\\Pipeline\\Pipeline.php(183): Illuminate\\Routing\\Middleware\\SubstituteBindings->handle()
#13 D:\\ST15\\wamp\\www\\Ticket Booking System\\ticket-booking-system\\vendor\\laravel\\framework\\src\\Illuminate\\Foundation\\Http\\Middleware\\VerifyCsrfToken.php(88): Illuminate\\Pipeline\\Pipeline->Illuminate\\Pipeline\\{closure}()
#14 D:\\ST15\\wamp\\www\\Ticket Booking System\\ticket-booking-system\\vendor\\laravel\\framework\\src\\Illuminate\\Pipeline\\Pipeline.php(183): Illuminate\\Foundation\\Http\\Middleware\\VerifyCsrfToken->handle()
#15 D:\\ST15\\wamp\\www\\Ticket Booking System\\ticket-booking-system\\vendor\\laravel\\framework\\src\\Illuminate\\View\\Middleware\\ShareErrorsFromSession.php(49): Illuminate\\Pipeline\\Pipeline->Illuminate\\Pipeline\\{closure}()
#16 D:\\ST15\\wamp\\www\\Ticket Booking System\\ticket-booking-system\\vendor\\laravel\\framework\\src\\Illuminate\\Pipeline\\Pipeline.php(183): Illuminate\\View\\Middleware\\ShareErrorsFromSession->handle()
#17 D:\\ST15\\wamp\\www\\Ticket Booking System\\ticket-booking-system\\vendor\\laravel\\framework\\src\\Illuminate\\Session\\Middleware\\StartSession.php(121): Illuminate\\Pipeline\\Pipeline->Illuminate\\Pipeline\\{closure}()
#18 D:\\ST15\\wamp\\www\\Ticket Booking System\\ticket-booking-system\\vendor\\laravel\\framework\\src\\Illuminate\\Session\\Middleware\\StartSession.php(64): Illuminate\\Session\\Middleware\\StartSession->handleStatefulRequest()
#19 D:\\ST15\\wamp\\www\\Ticket Booking System\\ticket-booking-system\\vendor\\laravel\\framework\\src\\Illuminate\\Pipeline\\Pipeline.php(183): Illuminate\\Session\\Middleware\\StartSession->handle()
#20 D:\\ST15\\wamp\\www\\Ticket Booking System\\ticket-booking-system\\vendor\\laravel\\framework\\src\\Illuminate\\Cookie\\Middleware\\AddQueuedCookiesToResponse.php(37): Illuminate\\Pipeline\\Pipeline->Illuminate\\Pipeline\\{closure}()
#21 D:\\ST15\\wamp\\www\\Ticket Booking System\\ticket-booking-system\\vendor\\laravel\\framework\\src\\Illuminate\\Pipeline\\Pipeline.php(183): Illuminate\\Cookie\\Middleware\\AddQueuedCookiesToResponse->handle()
#22 D:\\ST15\\wamp\\www\\Ticket Booking System\\ticket-booking-system\\vendor\\laravel\\framework\\src\\Illuminate\\Cookie\\Middleware\\EncryptCookies.php(75): Illuminate\\Pipeline\\Pipeline->Illuminate\\Pipeline\\{closure}()
#23 D:\\ST15\\wamp\\www\\Ticket Booking System\\ticket-booking-system\\vendor\\laravel\\framework\\src\\Illuminate\\Pipeline\\Pipeline.php(183): Illuminate\\Cookie\\Middleware\\EncryptCookies->handle()
#24 D:\\ST15\\wamp\\www\\Ticket Booking System\\ticket-booking-system\\vendor\\laravel\\framework\\src\\Illuminate\\Pipeline\\Pipeline.php(119): Illuminate\\Pipeline\\Pipeline->Illuminate\\Pipeline\\{closure}()
#25 D:\\ST15\\wamp\\www\\Ticket Booking System\\ticket-booking-system\\vendor\\laravel\\framework\\src\\Illuminate\\Routing\\Router.php(807): Illuminate\\Pipeline\\Pipeline->then()
#26 D:\\ST15\\wamp\\www\\Ticket Booking System\\ticket-booking-system\\vendor\\laravel\\framework\\src\\Illuminate\\Routing\\Router.php(786): Illuminate\\Routing\\Router->runRouteWithinStack()
#27 D:\\ST15\\wamp\\www\\Ticket Booking System\\ticket-booking-system\\vendor\\laravel\\framework\\src\\Illuminate\\Routing\\Router.php(750): Illuminate\\Routing\\Router->runRoute()
#28 D:\\ST15\\wamp\\www\\Ticket Booking System\\ticket-booking-system\\vendor\\laravel\\framework\\src\\Illuminate\\Routing\\Router.php(739): Illuminate\\Routing\\Router->dispatchToRoute()
#29 D:\\ST15\\wamp\\www\\Ticket Booking System\\ticket-booking-system\\vendor\\laravel\\framework\\src\\Illuminate\\Foundation\\Http\\Kernel.php(201): Illuminate\\Routing\\Router->dispatch()
#30 D:\\ST15\\wamp\\www\\Ticket Booking System\\ticket-booking-system\\vendor\\laravel\\framework\\src\\Illuminate\\Pipeline\\Pipeline.php(144): Illuminate\\Foundation\\Http\\Kernel->Illuminate\\Foundation\\Http\\{closure}()
#31 D:\\ST15\\wamp\\www\\Ticket Booking System\\ticket-booking-system\\vendor\\laravel\\framework\\src\\Illuminate\\Foundation\\Http\\Middleware\\TransformsRequest.php(21): Illuminate\\Pipeline\\Pipeline->Illuminate\\Pipeline\\{closure}()
#32 D:\\ST15\\wamp\\www\\Ticket Booking System\\ticket-booking-system\\vendor\\laravel\\framework\\src\\Illuminate\\Foundation\\Http\\Middleware\\ConvertEmptyStringsToNull.php(31): Illuminate\\Foundation\\Http\\Middleware\\TransformsRequest->handle()
#33 D:\\ST15\\wamp\\www\\Ticket Booking System\\ticket-booking-system\\vendor\\laravel\\framework\\src\\Illuminate\\Pipeline\\Pipeline.php(183): Illuminate\\Foundation\\Http\\Middleware\\ConvertEmptyStringsToNull->handle()
#34 D:\\ST15\\wamp\\www\\Ticket Booking System\\ticket-booking-system\\vendor\\laravel\\framework\\src\\Illuminate\\Foundation\\Http\\Middleware\\TransformsRequest.php(21): Illuminate\\Pipeline\\Pipeline->Illuminate\\Pipeline\\{closure}()
#35 D:\\ST15\\wamp\\www\\Ticket Booking System\\ticket-booking-system\\vendor\\laravel\\framework\\src\\Illuminate\\Foundation\\Http\\Middleware\\TrimStrings.php(51): Illuminate\\Foundation\\Http\\Middleware\\TransformsRequest->handle()
#36 D:\\ST15\\wamp\\www\\Ticket Booking System\\ticket-booking-system\\vendor\\laravel\\framework\\src\\Illuminate\\Pipeline\\Pipeline.php(183): Illuminate\\Foundation\\Http\\Middleware\\TrimStrings->handle()
#37 D:\\ST15\\wamp\\www\\Ticket Booking System\\ticket-booking-system\\vendor\\laravel\\framework\\src\\Illuminate\\Http\\Middleware\\ValidatePostSize.php(27): Illuminate\\Pipeline\\Pipeline->Illuminate\\Pipeline\\{closure}()
#38 D:\\ST15\\wamp\\www\\Ticket Booking System\\ticket-booking-system\\vendor\\laravel\\framework\\src\\Illuminate\\Pipeline\\Pipeline.php(183): Illuminate\\Http\\Middleware\\ValidatePostSize->handle()
#39 D:\\ST15\\wamp\\www\\Ticket Booking System\\ticket-booking-system\\vendor\\laravel\\framework\\src\\Illuminate\\Foundation\\Http\\Middleware\\PreventRequestsDuringMaintenance.php(110): Illuminate\\Pipeline\\Pipeline->Illuminate\\Pipeline\\{closure}()
#40 D:\\ST15\\wamp\\www\\Ticket Booking System\\ticket-booking-system\\vendor\\laravel\\framework\\src\\Illuminate\\Pipeline\\Pipeline.php(183): Illuminate\\Foundation\\Http\\Middleware\\PreventRequestsDuringMaintenance->handle()
#41 D:\\ST15\\wamp\\www\\Ticket Booking System\\ticket-booking-system\\vendor\\laravel\\framework\\src\\Illuminate\\Http\\Middleware\\HandleCors.php(49): Illuminate\\Pipeline\\Pipeline->Illuminate\\Pipeline\\{closure}()
#42 D:\\ST15\\wamp\\www\\Ticket Booking System\\ticket-booking-system\\vendor\\laravel\\framework\\src\\Illuminate\\Pipeline\\Pipeline.php(183): Illuminate\\Http\\Middleware\\HandleCors->handle()
#43 D:\\ST15\\wamp\\www\\Ticket Booking System\\ticket-booking-system\\vendor\\laravel\\framework\\src\\Illuminate\\Http\\Middleware\\TrustProxies.php(58): Illuminate\\Pipeline\\Pipeline->Illuminate\\Pipeline\\{closure}()
#44 D:\\ST15\\wamp\\www\\Ticket Booking System\\ticket-booking-system\\vendor\\laravel\\framework\\src\\Illuminate\\Pipeline\\Pipeline.php(183): Illuminate\\Http\\Middleware\\TrustProxies->handle()
#45 D:\\ST15\\wamp\\www\\Ticket Booking System\\ticket-booking-system\\vendor\\laravel\\framework\\src\\Illuminate\\Foundation\\Http\\Middleware\\InvokeDeferredCallbacks.php(22): Illuminate\\Pipeline\\Pipeline->Illuminate\\Pipeline\\{closure}()
#46 D:\\ST15\\wamp\\www\\Ticket Booking System\\ticket-booking-system\\vendor\\laravel\\framework\\src\\Illuminate\\Pipeline\\Pipeline.php(183): Illuminate\\Foundation\\Http\\Middleware\\InvokeDeferredCallbacks->handle()
#47 D:\\ST15\\wamp\\www\\Ticket Booking System\\ticket-booking-system\\vendor\\laravel\\framework\\src\\Illuminate\\Pipeline\\Pipeline.php(119): Illuminate\\Pipeline\\Pipeline->Illuminate\\Pipeline\\{closure}()
#48 D:\\ST15\\wamp\\www\\Ticket Booking System\\ticket-booking-system\\vendor\\laravel\\framework\\src\\Illuminate\\Foundation\\Http\\Kernel.php(176): Illuminate\\Pipeline\\Pipeline->then()
#49 D:\\ST15\\wamp\\www\\Ticket Booking System\\ticket-booking-system\\vendor\\laravel\\framework\\src\\Illuminate\\Foundation\\Http\\Kernel.php(145): Illuminate\\Foundation\\Http\\Kernel->sendRequestThroughRouter()
#50 D:\\ST15\\wamp\\www\\Ticket Booking System\\ticket-booking-system\\vendor\\laravel\\framework\\src\\Illuminate\\Foundation\\Application.php(1190): Illuminate\\Foundation\\Http\\Kernel->handle()
#51 D:\\ST15\\wamp\\www\\Ticket Booking System\\ticket-booking-system\\public\\index.php(17): Illuminate\\Foundation\\Application->handleRequest()
#52 D:\\ST15\\wamp\\www\\Ticket Booking System\\ticket-booking-system\\vendor\\laravel\\framework\\src\\Illuminate\\Foundation\\resources\\server.php(23): require_once('...')
#53 {main}

[previous exception] [object] (Illuminate\\View\\ViewException(code: 0): Call to undefined function assets() (View: D:\\ST15\\wamp\\www\\Ticket Booking System\\ticket-booking-system\\resources\\views\\frontend\\layout\\master.blade.php) at D:\\ST15\\wamp\\www\\Ticket Booking System\\ticket-booking-system\\storage\\framework\\views\\3375d108e2f089ceba3362fe59e5a099.php:24)
[stacktrace]
#0 D:\\ST15\\wamp\\www\\Ticket Booking System\\ticket-booking-system\\vendor\\laravel\\framework\\src\\Illuminate\\View\\Engines\\PhpEngine.php(60): Illuminate\\View\\Engines\\CompilerEngine->handleViewException()
#1 D:\\ST15\\wamp\\www\\Ticket Booking System\\ticket-booking-system\\vendor\\laravel\\framework\\src\\Illuminate\\View\\Engines\\CompilerEngine.php(74): Illuminate\\View\\Engines\\PhpEngine->evaluatePath()
#2 D:\\ST15\\wamp\\www\\Ticket Booking System\\ticket-booking-system\\vendor\\laravel\\framework\\src\\Illuminate\\View\\View.php(209): Illuminate\\View\\Engines\\CompilerEngine->get()
#3 D:\\ST15\\wamp\\www\\Ticket Booking System\\ticket-booking-system\\vendor\\laravel\\framework\\src\\Illuminate\\View\\View.php(192): Illuminate\\View\\View->getContents()
#4 D:\\ST15\\wamp\\www\\Ticket Booking System\\ticket-booking-system\\vendor\\laravel\\framework\\src\\Illuminate\\View\\View.php(161): Illuminate\\View\\View->renderContents()
#5 D:\\ST15\\wamp\\www\\Ticket Booking System\\ticket-booking-system\\storage\\framework\\views\\e18194595159ab0cb49c77767c556851.php(735): Illuminate\\View\\View->render()
#6 D:\\ST15\\wamp\\www\\Ticket Booking System\\ticket-booking-system\\vendor\\laravel\\framework\\src\\Illuminate\\Filesystem\\Filesystem.php(123): require('...')
#7 D:\\ST15\\wamp\\www\\Ticket Booking System\\ticket-booking-system\\vendor\\laravel\\framework\\src\\Illuminate\\Filesystem\\Filesystem.php(124): Illuminate\\Filesystem\\Filesystem::Illuminate\\Filesystem\\{closure}()
#8 D:\\ST15\\wamp\\www\\Ticket Booking System\\ticket-booking-system\\vendor\\laravel\\framework\\src\\Illuminate\\View\\Engines\\PhpEngine.php(58): Illuminate\\Filesystem\\Filesystem->getRequire()
#9 D:\\ST15\\wamp\\www\\Ticket Booking System\\ticket-booking-system\\vendor\\laravel\\framework\\src\\Illuminate\\View\\Engines\\CompilerEngine.php(74): Illuminate\\View\\Engines\\PhpEngine->evaluatePath()
#10 D:\\ST15\\wamp\\www\\Ticket Booking System\\ticket-booking-system\\vendor\\laravel\\framework\\src\\Illuminate\\View\\View.php(209): Illuminate\\View\\Engines\\CompilerEngine->get()
#11 D:\\ST15\\wamp\\www\\Ticket Booking System\\ticket-booking-system\\vendor\\laravel\\framework\\src\\Illuminate\\View\\View.php(192): Illuminate\\View\\View->getContents()
#12 D:\\ST15\\wamp\\www\\Ticket Booking System\\ticket-booking-system\\vendor\\laravel\\framework\\src\\Illuminate\\View\\View.php(161): Illuminate\\View\\View->renderContents()
#13 D:\\ST15\\wamp\\www\\Ticket Booking System\\ticket-booking-system\\vendor\\laravel\\framework\\src\\Illuminate\\Http\\Response.php(70): Illuminate\\View\\View->render()
#14 D:\\ST15\\wamp\\www\\Ticket Booking System\\ticket-booking-system\\vendor\\laravel\\framework\\src\\Illuminate\\Http\\Response.php(35): Illuminate\\Http\\Response->setContent()
#15 D:\\ST15\\wamp\\www\\Ticket Booking System\\ticket-booking-system\\vendor\\laravel\\framework\\src\\Illuminate\\Routing\\Router.php(920): Illuminate\\Http\\Response->__construct()
#16 D:\\ST15\\wamp\\www\\Ticket Booking System\\ticket-booking-system\\vendor\\laravel\\framework\\src\\Illuminate\\Routing\\Router.php(887): Illuminate\\Routing\\Router::toResponse()
#17 D:\\ST15\\wamp\\www\\Ticket Booking System\\ticket-booking-system\\vendor\\laravel\\framework\\src\\Illuminate\\Routing\\Router.php(807): Illuminate\\Routing\\Router->prepareResponse()
#18 D:\\ST15\\wamp\\www\\Ticket Booking System\\ticket-booking-system\\vendor\\laravel\\framework\\src\\Illuminate\\Pipeline\\Pipeline.php(144): Illuminate\\Routing\\Router->Illuminate\\Routing\\{closure}()
#19 D:\\ST15\\wamp\\www\\Ticket Booking System\\ticket-booking-system\\vendor\\laravel\\framework\\src\\Illuminate\\Routing\\Middleware\\SubstituteBindings.php(51): Illuminate\\Pipeline\\Pipeline->Illuminate\\Pipeline\\{closure}()
#20 D:\\ST15\\wamp\\www\\Ticket Booking System\\ticket-booking-system\\vendor\\laravel\\framework\\src\\Illuminate\\Pipeline\\Pipeline.php(183): Illuminate\\Routing\\Middleware\\SubstituteBindings->handle()
#21 D:\\ST15\\wamp\\www\\Ticket Booking System\\ticket-booking-system\\vendor\\laravel\\framework\\src\\Illuminate\\Foundation\\Http\\Middleware\\VerifyCsrfToken.php(88): Illuminate\\Pipeline\\Pipeline->Illuminate\\Pipeline\\{closure}()
#22 D:\\ST15\\wamp\\www\\Ticket Booking System\\ticket-booking-system\\vendor\\laravel\\framework\\src\\Illuminate\\Pipeline\\Pipeline.php(183): Illuminate\\Foundation\\Http\\Middleware\\VerifyCsrfToken->handle()
#23 D:\\ST15\\wamp\\www\\Ticket Booking System\\ticket-booking-system\\vendor\\laravel\\framework\\src\\Illuminate\\View\\Middleware\\ShareErrorsFromSession.php(49): Illuminate\\Pipeline\\Pipeline->Illuminate\\Pipeline\\{closure}()
#24 D:\\ST15\\wamp\\www\\Ticket Booking System\\ticket-booking-system\\vendor\\laravel\\framework\\src\\Illuminate\\Pipeline\\Pipeline.php(183): Illuminate\\View\\Middleware\\ShareErrorsFromSession->handle()
#25 D:\\ST15\\wamp\\www\\Ticket Booking System\\ticket-booking-system\\vendor\\laravel\\framework\\src\\Illuminate\\Session\\Middleware\\StartSession.php(121): Illuminate\\Pipeline\\Pipeline->Illuminate\\Pipeline\\{closure}()
#26 D:\\ST15\\wamp\\www\\Ticket Booking System\\ticket-booking-system\\vendor\\laravel\\framework\\src\\Illuminate\\Session\\Middleware\\StartSession.php(64): Illuminate\\Session\\Middleware\\StartSession->handleStatefulRequest()
#27 D:\\ST15\\wamp\\www\\Ticket Booking System\\ticket-booking-system\\vendor\\laravel\\framework\\src\\Illuminate\\Pipeline\\Pipeline.php(183): Illuminate\\Session\\Middleware\\StartSession->handle()
#28 D:\\ST15\\wamp\\www\\Ticket Booking System\\ticket-booking-system\\vendor\\laravel\\framework\\src\\Illuminate\\Cookie\\Middleware\\AddQueuedCookiesToResponse.php(37): Illuminate\\Pipeline\\Pipeline->Illuminate\\Pipeline\\{closure}()
#29 D:\\ST15\\wamp\\www\\Ticket Booking System\\ticket-booking-system\\vendor\\laravel\\framework\\src\\Illuminate\\Pipeline\\Pipeline.php(183): Illuminate\\Cookie\\Middleware\\AddQueuedCookiesToResponse->handle()
#30 D:\\ST15\\wamp\\www\\Ticket Booking System\\ticket-booking-system\\vendor\\laravel\\framework\\src\\Illuminate\\Cookie\\Middleware\\EncryptCookies.php(75): Illuminate\\Pipeline\\Pipeline->Illuminate\\Pipeline\\{closure}()
#31 D:\\ST15\\wamp\\www\\Ticket Booking System\\ticket-booking-system\\vendor\\laravel\\framework\\src\\Illuminate\\Pipeline\\Pipeline.php(183): Illuminate\\Cookie\\Middleware\\EncryptCookies->handle()
#32 D:\\ST15\\wamp\\www\\Ticket Booking System\\ticket-booking-system\\vendor\\laravel\\framework\\src\\Illuminate\\Pipeline\\Pipeline.php(119): Illuminate\\Pipeline\\Pipeline->Illuminate\\Pipeline\\{closure}()
#33 D:\\ST15\\wamp\\www\\Ticket Booking System\\ticket-booking-system\\vendor\\laravel\\framework\\src\\Illuminate\\Routing\\Router.php(807): Illuminate\\Pipeline\\Pipeline->then()
#34 D:\\ST15\\wamp\\www\\Ticket Booking System\\ticket-booking-system\\vendor\\laravel\\framework\\src\\Illuminate\\Routing\\Router.php(786): Illuminate\\Routing\\Router->runRouteWithinStack()
#35 D:\\ST15\\wamp\\www\\Ticket Booking System\\ticket-booking-system\\vendor\\laravel\\framework\\src\\Illuminate\\Routing\\Router.php(750): Illuminate\\Routing\\Router->runRoute()
#36 D:\\ST15\\wamp\\www\\Ticket Booking System\\ticket-booking-system\\vendor\\laravel\\framework\\src\\Illuminate\\Routing\\Router.php(739): Illuminate\\Routing\\Router->dispatchToRoute()
#37 D:\\ST15\\wamp\\www\\Ticket Booking System\\ticket-booking-system\\vendor\\laravel\\framework\\src\\Illuminate\\Foundation\\Http\\Kernel.php(201): Illuminate\\Routing\\Router->dispatch()
#38 D:\\ST15\\wamp\\www\\Ticket Booking System\\ticket-booking-system\\vendor\\laravel\\framework\\src\\Illuminate\\Pipeline\\Pipeline.php(144): Illuminate\\Foundation\\Http\\Kernel->Illuminate\\Foundation\\Http\\{closure}()
#39 D:\\ST15\\wamp\\www\\Ticket Booking System\\ticket-booking-system\\vendor\\laravel\\framework\\src\\Illuminate\\Foundation\\Http\\Middleware\\TransformsRequest.php(21): Illuminate\\Pipeline\\Pipeline->Illuminate\\Pipeline\\{closure}()
#40 D:\\ST15\\wamp\\www\\Ticket Booking System\\ticket-booking-system\\vendor\\laravel\\framework\\src\\Illuminate\\Foundation\\Http\\Middleware\\ConvertEmptyStringsToNull.php(31): Illuminate\\Foundation\\Http\\Middleware\\TransformsRequest->handle()
#41 D:\\ST15\\wamp\\www\\Ticket Booking System\\ticket-booking-system\\vendor\\laravel\\framework\\src\\Illuminate\\Pipeline\\Pipeline.php(183): Illuminate\\Foundation\\Http\\Middleware\\ConvertEmptyStringsToNull->handle()
#42 D:\\ST15\\wamp\\www\\Ticket Booking System\\ticket-booking-system\\vendor\\laravel\\framework\\src\\Illuminate\\Foundation\\Http\\Middleware\\TransformsRequest.php(21): Illuminate\\Pipeline\\Pipeline->Illuminate\\Pipeline\\{closure}()
#43 D:\\ST15\\wamp\\www\\Ticket Booking System\\ticket-booking-system\\vendor\\laravel\\framework\\src\\Illuminate\\Foundation\\Http\\Middleware\\TrimStrings.php(51): Illuminate\\Foundation\\Http\\Middleware\\TransformsRequest->handle()
#44 D:\\ST15\\wamp\\www\\Ticket Booking System\\ticket-booking-system\\vendor\\laravel\\framework\\src\\Illuminate\\Pipeline\\Pipeline.php(183): Illuminate\\Foundation\\Http\\Middleware\\TrimStrings->handle()
#45 D:\\ST15\\wamp\\www\\Ticket Booking System\\ticket-booking-system\\vendor\\laravel\\framework\\src\\Illuminate\\Http\\Middleware\\ValidatePostSize.php(27): Illuminate\\Pipeline\\Pipeline->Illuminate\\Pipeline\\{closure}()
#46 D:\\ST15\\wamp\\www\\Ticket Booking System\\ticket-booking-system\\vendor\\laravel\\framework\\src\\Illuminate\\Pipeline\\Pipeline.php(183): Illuminate\\Http\\Middleware\\ValidatePostSize->handle()
#47 D:\\ST15\\wamp\\www\\Ticket Booking System\\ticket-booking-system\\vendor\\laravel\\framework\\src\\Illuminate\\Foundation\\Http\\Middleware\\PreventRequestsDuringMaintenance.php(110): Illuminate\\Pipeline\\Pipeline->Illuminate\\Pipeline\\{closure}()
#48 D:\\ST15\\wamp\\www\\Ticket Booking System\\ticket-booking-system\\vendor\\laravel\\framework\\src\\Illuminate\\Pipeline\\Pipeline.php(183): Illuminate\\Foundation\\Http\\Middleware\\PreventRequestsDuringMaintenance->handle()
#49 D:\\ST15\\wamp\\www\\Ticket Booking System\\ticket-booking-system\\vendor\\laravel\\framework\\src\\Illuminate\\Http\\Middleware\\HandleCors.php(49): Illuminate\\Pipeline\\Pipeline->Illuminate\\Pipeline\\{closure}()
#50 D:\\ST15\\wamp\\www\\Ticket Booking System\\ticket-booking-system\\vendor\\laravel\\framework\\src\\Illuminate\\Pipeline\\Pipeline.php(183): Illuminate\\Http\\Middleware\\HandleCors->handle()
#51 D:\\ST15\\wamp\\www\\Ticket Booking System\\ticket-booking-system\\vendor\\laravel\\framework\\src\\Illuminate\\Http\\Middleware\\TrustProxies.php(58): Illuminate\\Pipeline\\Pipeline->Illuminate\\Pipeline\\{closure}()
#52 D:\\ST15\\wamp\\www\\Ticket Booking System\\ticket-booking-system\\vendor\\laravel\\framework\\src\\Illuminate\\Pipeline\\Pipeline.php(183): Illuminate\\Http\\Middleware\\TrustProxies->handle()
#53 D:\\ST15\\wamp\\www\\Ticket Booking System\\ticket-booking-system\\vendor\\laravel\\framework\\src\\Illuminate\\Foundation\\Http\\Middleware\\InvokeDeferredCallbacks.php(22): Illuminate\\Pipeline\\Pipeline->Illuminate\\Pipeline\\{closure}()
#54 D:\\ST15\\wamp\\www\\Ticket Booking System\\ticket-booking-system\\vendor\\laravel\\framework\\src\\Illuminate\\Pipeline\\Pipeline.php(183): Illuminate\\Foundation\\Http\\Middleware\\InvokeDeferredCallbacks->handle()
#55 D:\\ST15\\wamp\\www\\Ticket Booking System\\ticket-booking-system\\vendor\\laravel\\framework\\src\\Illuminate\\Pipeline\\Pipeline.php(119): Illuminate\\Pipeline\\Pipeline->Illuminate\\Pipeline\\{closure}()
#56 D:\\ST15\\wamp\\www\\Ticket Booking System\\ticket-booking-system\\vendor\\laravel\\framework\\src\\Illuminate\\Foundation\\Http\\Kernel.php(176): Illuminate\\Pipeline\\Pipeline->then()
#57 D:\\ST15\\wamp\\www\\Ticket Booking System\\ticket-booking-system\\vendor\\laravel\\framework\\src\\Illuminate\\Foundation\\Http\\Kernel.php(145): Illuminate\\Foundation\\Http\\Kernel->sendRequestThroughRouter()
#58 D:\\ST15\\wamp\\www\\Ticket Booking System\\ticket-booking-system\\vendor\\laravel\\framework\\src\\Illuminate\\Foundation\\Application.php(1190): Illuminate\\Foundation\\Http\\Kernel->handle()
#59 D:\\ST15\\wamp\\www\\Ticket Booking System\\ticket-booking-system\\public\\index.php(17): Illuminate\\Foundation\\Application->handleRequest()
#60 D:\\ST15\\wamp\\www\\Ticket Booking System\\ticket-booking-system\\vendor\\laravel\\framework\\src\\Illuminate\\Foundation\\resources\\server.php(23): require_once('...')
#61 {main}

[previous exception] [object] (Error(code: 0): Call to undefined function assets() at D:\\ST15\\wamp\\www\\Ticket Booking System\\ticket-booking-system\\storage\\framework\\views\\3375d108e2f089ceba3362fe59e5a099.php:24)
[stacktrace]
#0 D:\\ST15\\wamp\\www\\Ticket Booking System\\ticket-booking-system\\vendor\\laravel\\framework\\src\\Illuminate\\Filesystem\\Filesystem.php(123): require()
#1 D:\\ST15\\wamp\\www\\Ticket Booking System\\ticket-booking-system\\vendor\\laravel\\framework\\src\\Illuminate\\Filesystem\\Filesystem.php(124): Illuminate\\Filesystem\\Filesystem::Illuminate\\Filesystem\\{closure}()
#2 D:\\ST15\\wamp\\www\\Ticket Booking System\\ticket-booking-system\\vendor\\laravel\\framework\\src\\Illuminate\\View\\Engines\\PhpEngine.php(58): Illuminate\\Filesystem\\Filesystem->getRequire()
#3 D:\\ST15\\wamp\\www\\Ticket Booking System\\ticket-booking-system\\vendor\\laravel\\framework\\src\\Illuminate\\View\\Engines\\CompilerEngine.php(74): Illuminate\\View\\Engines\\PhpEngine->evaluatePath()
#4 D:\\ST15\\wamp\\www\\Ticket Booking System\\ticket-booking-system\\vendor\\laravel\\framework\\src\\Illuminate\\View\\View.php(209): Illuminate\\View\\Engines\\CompilerEngine->get()
#5 D:\\ST15\\wamp\\www\\Ticket Booking System\\ticket-booking-system\\vendor\\laravel\\framework\\src\\Illuminate\\View\\View.php(192): Illuminate\\View\\View->getContents()
#6 D:\\ST15\\wamp\\www\\Ticket Booking System\\ticket-booking-system\\vendor\\laravel\\framework\\src\\Illuminate\\View\\View.php(161): Illuminate\\View\\View->renderContents()
#7 D:\\ST15\\wamp\\www\\Ticket Booking System\\ticket-booking-system\\storage\\framework\\views\\e18194595159ab0cb49c77767c556851.php(735): Illuminate\\View\\View->render()
#8 D:\\ST15\\wamp\\www\\Ticket Booking System\\ticket-booking-system\\vendor\\laravel\\framework\\src\\Illuminate\\Filesystem\\Filesystem.php(123): require('...')
#9 D:\\ST15\\wamp\\www\\Ticket Booking System\\ticket-booking-system\\vendor\\laravel\\framework\\src\\Illuminate\\Filesystem\\Filesystem.php(124): Illuminate\\Filesystem\\Filesystem::Illuminate\\Filesystem\\{closure}()
#10 D:\\ST15\\wamp\\www\\Ticket Booking System\\ticket-booking-system\\vendor\\laravel\\framework\\src\\Illuminate\\View\\Engines\\PhpEngine.php(58): Illuminate\\Filesystem\\Filesystem->getRequire()
#11 D:\\ST15\\wamp\\www\\Ticket Booking System\\ticket-booking-system\\vendor\\laravel\\framework\\src\\Illuminate\\View\\Engines\\CompilerEngine.php(74): Illuminate\\View\\Engines\\PhpEngine->evaluatePath()
#12 D:\\ST15\\wamp\\www\\Ticket Booking System\\ticket-booking-system\\vendor\\laravel\\framework\\src\\Illuminate\\View\\View.php(209): Illuminate\\View\\Engines\\CompilerEngine->get()
#13 D:\\ST15\\wamp\\www\\Ticket Booking System\\ticket-booking-system\\vendor\\laravel\\framework\\src\\Illuminate\\View\\View.php(192): Illuminate\\View\\View->getContents()
#14 D:\\ST15\\wamp\\www\\Ticket Booking System\\ticket-booking-system\\vendor\\laravel\\framework\\src\\Illuminate\\View\\View.php(161): Illuminate\\View\\View->renderContents()
#15 D:\\ST15\\wamp\\www\\Ticket Booking System\\ticket-booking-system\\vendor\\laravel\\framework\\src\\Illuminate\\Http\\Response.php(70): Illuminate\\View\\View->render()
#16 D:\\ST15\\wamp\\www\\Ticket Booking System\\ticket-booking-system\\vendor\\laravel\\framework\\src\\Illuminate\\Http\\Response.php(35): Illuminate\\Http\\Response->setContent()
#17 D:\\ST15\\wamp\\www\\Ticket Booking System\\ticket-booking-system\\vendor\\laravel\\framework\\src\\Illuminate\\Routing\\Router.php(920): Illuminate\\Http\\Response->__construct()
#18 D:\\ST15\\wamp\\www\\Ticket Booking System\\ticket-booking-system\\vendor\\laravel\\framework\\src\\Illuminate\\Routing\\Router.php(887): Illuminate\\Routing\\Router::toResponse()
#19 D:\\ST15\\wamp\\www\\Ticket Booking System\\ticket-booking-system\\vendor\\laravel\\framework\\src\\Illuminate\\Routing\\Router.php(807): Illuminate\\Routing\\Router->prepareResponse()
#20 D:\\ST15\\wamp\\www\\Ticket Booking System\\ticket-booking-system\\vendor\\laravel\\framework\\src\\Illuminate\\Pipeline\\Pipeline.php(144): Illuminate\\Routing\\Router->Illuminate\\Routing\\{closure}()
#21 D:\\ST15\\wamp\\www\\Ticket Booking System\\ticket-booking-system\\vendor\\laravel\\framework\\src\\Illuminate\\Routing\\Middleware\\SubstituteBindings.php(51): Illuminate\\Pipeline\\Pipeline->Illuminate\\Pipeline\\{closure}()
#22 D:\\ST15\\wamp\\www\\Ticket Booking System\\ticket-booking-system\\vendor\\laravel\\framework\\src\\Illuminate\\Pipeline\\Pipeline.php(183): Illuminate\\Routing\\Middleware\\SubstituteBindings->handle()
#23 D:\\ST15\\wamp\\www\\Ticket Booking System\\ticket-booking-system\\vendor\\laravel\\framework\\src\\Illuminate\\Foundation\\Http\\Middleware\\VerifyCsrfToken.php(88): Illuminate\\Pipeline\\Pipeline->Illuminate\\Pipeline\\{closure}()
#24 D:\\ST15\\wamp\\www\\Ticket Booking System\\ticket-booking-system\\vendor\\laravel\\framework\\src\\Illuminate\\Pipeline\\Pipeline.php(183): Illuminate\\Foundation\\Http\\Middleware\\VerifyCsrfToken->handle()
#25 D:\\ST15\\wamp\\www\\Ticket Booking System\\ticket-booking-system\\vendor\\laravel\\framework\\src\\Illuminate\\View\\Middleware\\ShareErrorsFromSession.php(49): Illuminate\\Pipeline\\Pipeline->Illuminate\\Pipeline\\{closure}()
#26 D:\\ST15\\wamp\\www\\Ticket Booking System\\ticket-booking-system\\vendor\\laravel\\framework\\src\\Illuminate\\Pipeline\\Pipeline.php(183): Illuminate\\View\\Middleware\\ShareErrorsFromSession->handle()
#27 D:\\ST15\\wamp\\www\\Ticket Booking System\\ticket-booking-system\\vendor\\laravel\\framework\\src\\Illuminate\\Session\\Middleware\\StartSession.php(121): Illuminate\\Pipeline\\Pipeline->Illuminate\\Pipeline\\{closure}()
#28 D:\\ST15\\wamp\\www\\Ticket Booking System\\ticket-booking-system\\vendor\\laravel\\framework\\src\\Illuminate\\Session\\Middleware\\StartSession.php(64): Illuminate\\Session\\Middleware\\StartSession->handleStatefulRequest()
#29 D:\\ST15\\wamp\\www\\Ticket Booking System\\ticket-booking-system\\vendor\\laravel\\framework\\src\\Illuminate\\Pipeline\\Pipeline.php(183): Illuminate\\Session\\Middleware\\StartSession->handle()
#30 D:\\ST15\\wamp\\www\\Ticket Booking System\\ticket-booking-system\\vendor\\laravel\\framework\\src\\Illuminate\\Cookie\\Middleware\\AddQueuedCookiesToResponse.php(37): Illuminate\\Pipeline\\Pipeline->Illuminate\\Pipeline\\{closure}()
#31 D:\\ST15\\wamp\\www\\Ticket Booking System\\ticket-booking-system\\vendor\\laravel\\framework\\src\\Illuminate\\Pipeline\\Pipeline.php(183): Illuminate\\Cookie\\Middleware\\AddQueuedCookiesToResponse->handle()
#32 D:\\ST15\\wamp\\www\\Ticket Booking System\\ticket-booking-system\\vendor\\laravel\\framework\\src\\Illuminate\\Cookie\\Middleware\\EncryptCookies.php(75): Illuminate\\Pipeline\\Pipeline->Illuminate\\Pipeline\\{closure}()
#33 D:\\ST15\\wamp\\www\\Ticket Booking System\\ticket-booking-system\\vendor\\laravel\\framework\\src\\Illuminate\\Pipeline\\Pipeline.php(183): Illuminate\\Cookie\\Middleware\\EncryptCookies->handle()
#34 D:\\ST15\\wamp\\www\\Ticket Booking System\\ticket-booking-system\\vendor\\laravel\\framework\\src\\Illuminate\\Pipeline\\Pipeline.php(119): Illuminate\\Pipeline\\Pipeline->Illuminate\\Pipeline\\{closure}()
#35 D:\\ST15\\wamp\\www\\Ticket Booking System\\ticket-booking-system\\vendor\\laravel\\framework\\src\\Illuminate\\Routing\\Router.php(807): Illuminate\\Pipeline\\Pipeline->then()
#36 D:\\ST15\\wamp\\www\\Ticket Booking System\\ticket-booking-system\\vendor\\laravel\\framework\\src\\Illuminate\\Routing\\Router.php(786): Illuminate\\Routing\\Router->runRouteWithinStack()
#37 D:\\ST15\\wamp\\www\\Ticket Booking System\\ticket-booking-system\\vendor\\laravel\\framework\\src\\Illuminate\\Routing\\Router.php(750): Illuminate\\Routing\\Router->runRoute()
#38 D:\\ST15\\wamp\\www\\Ticket Booking System\\ticket-booking-system\\vendor\\laravel\\framework\\src\\Illuminate\\Routing\\Router.php(739): Illuminate\\Routing\\Router->dispatchToRoute()
#39 D:\\ST15\\wamp\\www\\Ticket Booking System\\ticket-booking-system\\vendor\\laravel\\framework\\src\\Illuminate\\Foundation\\Http\\Kernel.php(201): Illuminate\\Routing\\Router->dispatch()
#40 D:\\ST15\\wamp\\www\\Ticket Booking System\\ticket-booking-system\\vendor\\laravel\\framework\\src\\Illuminate\\Pipeline\\Pipeline.php(144): Illuminate\\Foundation\\Http\\Kernel->Illuminate\\Foundation\\Http\\{closure}()
#41 D:\\ST15\\wamp\\www\\Ticket Booking System\\ticket-booking-system\\vendor\\laravel\\framework\\src\\Illuminate\\Foundation\\Http\\Middleware\\TransformsRequest.php(21): Illuminate\\Pipeline\\Pipeline->Illuminate\\Pipeline\\{closure}()
#42 D:\\ST15\\wamp\\www\\Ticket Booking System\\ticket-booking-system\\vendor\\laravel\\framework\\src\\Illuminate\\Foundation\\Http\\Middleware\\ConvertEmptyStringsToNull.php(31): Illuminate\\Foundation\\Http\\Middleware\\TransformsRequest->handle()
#43 D:\\ST15\\wamp\\www\\Ticket Booking System\\ticket-booking-system\\vendor\\laravel\\framework\\src\\Illuminate\\Pipeline\\Pipeline.php(183): Illuminate\\Foundation\\Http\\Middleware\\ConvertEmptyStringsToNull->handle()
#44 D:\\ST15\\wamp\\www\\Ticket Booking System\\ticket-booking-system\\vendor\\laravel\\framework\\src\\Illuminate\\Foundation\\Http\\Middleware\\TransformsRequest.php(21): Illuminate\\Pipeline\\Pipeline->Illuminate\\Pipeline\\{closure}()
#45 D:\\ST15\\wamp\\www\\Ticket Booking System\\ticket-booking-system\\vendor\\laravel\\framework\\src\\Illuminate\\Foundation\\Http\\Middleware\\TrimStrings.php(51): Illuminate\\Foundation\\Http\\Middleware\\TransformsRequest->handle()
#46 D:\\ST15\\wamp\\www\\Ticket Booking System\\ticket-booking-system\\vendor\\laravel\\framework\\src\\Illuminate\\Pipeline\\Pipeline.php(183): Illuminate\\Foundation\\Http\\Middleware\\TrimStrings->handle()
#47 D:\\ST15\\wamp\\www\\Ticket Booking System\\ticket-booking-system\\vendor\\laravel\\framework\\src\\Illuminate\\Http\\Middleware\\ValidatePostSize.php(27): Illuminate\\Pipeline\\Pipeline->Illuminate\\Pipeline\\{closure}()
#48 D:\\ST15\\wamp\\www\\Ticket Booking System\\ticket-booking-system\\vendor\\laravel\\framework\\src\\Illuminate\\Pipeline\\Pipeline.php(183): Illuminate\\Http\\Middleware\\ValidatePostSize->handle()
#49 D:\\ST15\\wamp\\www\\Ticket Booking System\\ticket-booking-system\\vendor\\laravel\\framework\\src\\Illuminate\\Foundation\\Http\\Middleware\\PreventRequestsDuringMaintenance.php(110): Illuminate\\Pipeline\\Pipeline->Illuminate\\Pipeline\\{closure}()
#50 D:\\ST15\\wamp\\www\\Ticket Booking System\\ticket-booking-system\\vendor\\laravel\\framework\\src\\Illuminate\\Pipeline\\Pipeline.php(183): Illuminate\\Foundation\\Http\\Middleware\\PreventRequestsDuringMaintenance->handle()
#51 D:\\ST15\\wamp\\www\\Ticket Booking System\\ticket-booking-system\\vendor\\laravel\\framework\\src\\Illuminate\\Http\\Middleware\\HandleCors.php(49): Illuminate\\Pipeline\\Pipeline->Illuminate\\Pipeline\\{closure}()
#52 D:\\ST15\\wamp\\www\\Ticket Booking System\\ticket-booking-system\\vendor\\laravel\\framework\\src\\Illuminate\\Pipeline\\Pipeline.php(183): Illuminate\\Http\\Middleware\\HandleCors->handle()
#53 D:\\ST15\\wamp\\www\\Ticket Booking System\\ticket-booking-system\\vendor\\laravel\\framework\\src\\Illuminate\\Http\\Middleware\\TrustProxies.php(58): Illuminate\\Pipeline\\Pipeline->Illuminate\\Pipeline\\{closure}()
#54 D:\\ST15\\wamp\\www\\Ticket Booking System\\ticket-booking-system\\vendor\\laravel\\framework\\src\\Illuminate\\Pipeline\\Pipeline.php(183): Illuminate\\Http\\Middleware\\TrustProxies->handle()
#55 D:\\ST15\\wamp\\www\\Ticket Booking System\\ticket-booking-system\\vendor\\laravel\\framework\\src\\Illuminate\\Foundation\\Http\\Middleware\\InvokeDeferredCallbacks.php(22): Illuminate\\Pipeline\\Pipeline->Illuminate\\Pipeline\\{closure}()
#56 D:\\ST15\\wamp\\www\\Ticket Booking System\\ticket-booking-system\\vendor\\laravel\\framework\\src\\Illuminate\\Pipeline\\Pipeline.php(183): Illuminate\\Foundation\\Http\\Middleware\\InvokeDeferredCallbacks->handle()
#57 D:\\ST15\\wamp\\www\\Ticket Booking System\\ticket-booking-system\\vendor\\laravel\\framework\\src\\Illuminate\\Pipeline\\Pipeline.php(119): Illuminate\\Pipeline\\Pipeline->Illuminate\\Pipeline\\{closure}()
#58 D:\\ST15\\wamp\\www\\Ticket Booking System\\ticket-booking-system\\vendor\\laravel\\framework\\src\\Illuminate\\Foundation\\Http\\Kernel.php(176): Illuminate\\Pipeline\\Pipeline->then()
#59 D:\\ST15\\wamp\\www\\Ticket Booking System\\ticket-booking-system\\vendor\\laravel\\framework\\src\\Illuminate\\Foundation\\Http\\Kernel.php(145): Illuminate\\Foundation\\Http\\Kernel->sendRequestThroughRouter()
#60 D:\\ST15\\wamp\\www\\Ticket Booking System\\ticket-booking-system\\vendor\\laravel\\framework\\src\\Illuminate\\Foundation\\Application.php(1190): Illuminate\\Foundation\\Http\\Kernel->handle()
#61 D:\\ST15\\wamp\\www\\Ticket Booking System\\ticket-booking-system\\public\\index.php(17): Illuminate\\Foundation\\Application->handleRequest()
#62 D:\\ST15\\wamp\\www\\Ticket Booking System\\ticket-booking-system\\vendor\\laravel\\framework\\src\\Illuminate\\Foundation\\resources\\server.php(23): require_once('...')
#63 {main}
"} 
